<?xml version="1.0" encoding="UTF-8"?>
<testsuite name="ComputerRepairRequestTest" tests="2" skipped="0" failures="0" errors="0" timestamp="2025-03-04T15:42:01" hostname="DESKTOP-B8AAGRJ" time="0.02">
  <properties/>
  <testcase name="Fist Test" classname="ComputerRepairRequestTest" time="0.018"/>
  <testcase name="Test Exemplu" classname="ComputerRepairRequestTest" time="0.001"/>
  <system-out><![CDATA[]]></system-out>
  <system-err><![CDATA[]]></system-err>
</testsuite>
